Arguments: 
  /home/hien/.nvm/versions/node/v18.15.0/bin/node /home/hien/.nvm/versions/node/v18.15.0/bin/yarn init --scope=@hienpham512

PATH: 
  /home/hien/.vscode-server/bin/b380da4ef1ee00e224a15c1d4d9793e27c2b6302/bin/remote-cli:/home/hien/.nvm/versions/node/v18.15.0/bin:/usr/local/sbin:/usr/local/bin:/usr/sbin:/usr/bin:/sbin:/bin:/usr/games:/usr/local/games:/usr/lib/wsl/lib:/mnt/c/Program Files (x86)/Common Files/Oracle/Java/javapath:/mnt/c/WINDOWS/system32:/mnt/c/WINDOWS:/mnt/c/WINDOWS/System32/Wbem:/mnt/c/WINDOWS/System32/WindowsPowerShell/v1.0/:/mnt/c/WINDOWS/System32/OpenSSH/:/mnt/c/HashiCorp/Vagrant/bin:/Docker/host/bin:/mnt/c/Users/thihi/AppData/Local/Microsoft/WindowsApps:/mnt/c/Users/thihi/AppData/Local/Programs/Microsoft VS Code/bin

Yarn version: 
  1.22.19

Node version: 
  18.15.0

Platform: 
  linux x64

Trace: 
  Error: canceled
      at Interface.<anonymous> (/home/hien/.nvm/versions/node/v18.15.0/lib/node_modules/yarn/lib/cli.js:137150:13)
      at Interface.emit (node:events:513:28)
      at [_ttyWrite] [as _ttyWrite] (node:internal/readline/interface:1131:18)
      at ReadStream.onkeypress (node:internal/readline/interface:270:20)
      at ReadStream.emit (node:events:513:28)
      at emitKeys (node:internal/readline/utils:357:14)
      at emitKeys.next (<anonymous>)
      at ReadStream.onData (node:internal/readline/emitKeypressEvents:64:36)
      at ReadStream.emit (node:events:513:28)
      at addChunk (node:internal/streams/readable:324:12)

npm manifest: 
  {
    "name": "@hienpham512/angouleme-types",
    "version": "1.0.2",
    "private": false,
    "type": "module",
    "main": "dist/index.js",
    "types": "dist/index.d.ts",
    "files": [
      "dist"
    ],
    "repository": "git@github.com:voltrol-epitech-angouleme/types.git",
    "author": "hienpham512 <thi-hien.pham@epitech.eu>",
    "license": "MIT",
    "scripts": {
      "build": "npx tsc --emitDeclarationOnly"
    },
    "exports": {
      ".": {
        "require": "./dist/index.js",
        "types": "./dist/index.d.ts"
      },
      "./package.json": "./package.json"
    },
    "dependencies": {
      "typescript": "^5.1.3"
    }
  }

yarn manifest: 
  No manifest

Lockfile: 
  # THIS IS AN AUTOGENERATED FILE. DO NOT EDIT THIS FILE DIRECTLY.
  # yarn lockfile v1
  
  
  typescript@^5.1.3:
    version "5.1.3"
    resolved "https://registry.yarnpkg.com/typescript/-/typescript-5.1.3.tgz#8d84219244a6b40b6fb2b33cc1c062f715b9e826"
    integrity sha512-XH627E9vkeqhlZFQuL+UsyAXEnibT0kWR2FWONlr4sTjvxyJYnyefgrkyECLzM5NenmKzRAy2rR/OlYLA1HkZw==
